<?xml version="1.0" encoding="UTF-8"?>
<!-- Generated by org.testng.reporters.JUnitReportReporter -->
<testsuite hostname="jithu-PC" failures="0" tests="9" name="employer.AssignNewShiftTest" time="48.376" errors="0" timestamp="2024-03-22T14:40:26 GMT" skipped="0">
  <testcase classname="employer.AssignNewShiftTest" name="assignNewShiftTest1" time="11.593"/>
  <system-out/>
  <testcase classname="employer.AssignNewShiftTest" name="assignNewShiftTest1" time="3.278"/>
  <system-out/>
  <testcase classname="employer.AssignNewShiftTest" name="assignNewShiftTest1" time="3.253"/>
  <system-out/>
  <testcase classname="employer.AssignNewShiftTest" name="assignNewShiftTest1" time="3.198"/>
  <system-out/>
  <testcase classname="employer.AssignNewShiftTest" name="assignNewShiftTest1" time="3.701"/>
  <system-out/>
  <testcase classname="employer.AssignNewShiftTest" name="assignNewShiftTest1" time="9.570"/>
  <system-out/>
  <testcase classname="employer.AssignNewShiftTest" name="assignNewShiftTest1" time="3.943"/>
  <system-out/>
  <testcase classname="employer.AssignNewShiftTest" name="assignNewShiftTest1" time="3.772"/>
  <system-out/>
  <testcase classname="employer.AssignNewShiftTest" name="assignNewShiftTest1" time="6.068"/>
  <system-out/>
</testsuite> <!-- employer.AssignNewShiftTest -->
